Build started 26/04/2015 00:32:28.
     1>Project "C:\Users\User\Downloads\Compressed\Simple OpenGL Image Library\projects\VC9\SOIL.vcxproj" on node 2 (Build target(s)).
     1>C:\Program Files (x86)\MSBuild\Microsoft.Cpp\v4.0\V120\Microsoft.CppBuild.targets(381,5): warning MSB8028: The intermediate directory (Debug\) contains files shared from another project (OpenGL Template.vcxproj).  This can lead to incorrect clean and rebuild behavior.
     1>ClCompile:
         E:\Program Files 101\VS\VC\bin\CL.exe /c /ZI /nologo /W3 /WX- /Od /Oy- /D WIN32 /D _DEBUG /D _LIB /D _UNICODE /D UNICODE /Gm /EHsc /RTC1 /MDd /GS /fp:precise /Zc:wchar_t /Zc:forScope /Fo"Debug\\" /Fd"Debug\vc120.pdb" /Gd /TC /analyze- /errorReport:prompt ..\..\src\image_DXT.c ..\..\src\image_helper.c ..\..\src\SOIL.c ..\..\src\stb_image_aug.c
         stb_image_aug.c
     1>c:\users\user\downloads\compressed\simple opengl image library\src\stb_image_aug.c(177): warning C4996: 'fopen': This function or variable may be unsafe. Consider using fopen_s instead. To disable deprecation, use _CRT_SECURE_NO_WARNINGS. See online help for details.
                 e:\program files 101\vs\vc\include\stdio.h(211) : see declaration of 'fopen'
     1>c:\users\user\downloads\compressed\simple opengl image library\src\stb_image_aug.c(251): warning C4996: 'fopen': This function or variable may be unsafe. Consider using fopen_s instead. To disable deprecation, use _CRT_SECURE_NO_WARNINGS. See online help for details.
                 e:\program files 101\vs\vc\include\stdio.h(211) : see declaration of 'fopen'
     1>c:\users\user\downloads\compressed\simple opengl image library\src\stb_image_aug.c(303): warning C4996: 'fopen': This function or variable may be unsafe. Consider using fopen_s instead. To disable deprecation, use _CRT_SECURE_NO_WARNINGS. See online help for details.
                 e:\program files 101\vs\vc\include\stdio.h(211) : see declaration of 'fopen'
     1>c:\users\user\downloads\compressed\simple opengl image library\src\stb_image_aug.c(1557): warning C4996: 'fopen': This function or variable may be unsafe. Consider using fopen_s instead. To disable deprecation, use _CRT_SECURE_NO_WARNINGS. See online help for details.
                 e:\program files 101\vs\vc\include\stdio.h(211) : see declaration of 'fopen'
     1>c:\users\user\downloads\compressed\simple opengl image library\src\stb_image_aug.c(2394): warning C4996: 'fopen': This function or variable may be unsafe. Consider using fopen_s instead. To disable deprecation, use _CRT_SECURE_NO_WARNINGS. See online help for details.
                 e:\program files 101\vs\vc\include\stdio.h(211) : see declaration of 'fopen'
     1>c:\users\user\downloads\compressed\simple opengl image library\src\stb_image_aug.c(2709): warning C4996: 'fopen': This function or variable may be unsafe. Consider using fopen_s instead. To disable deprecation, use _CRT_SECURE_NO_WARNINGS. See online help for details.
                 e:\program files 101\vs\vc\include\stdio.h(211) : see declaration of 'fopen'
     1>c:\users\user\downloads\compressed\simple opengl image library\src\stb_image_aug.c(2995): warning C4996: 'fopen': This function or variable may be unsafe. Consider using fopen_s instead. To disable deprecation, use _CRT_SECURE_NO_WARNINGS. See online help for details.
                 e:\program files 101\vs\vc\include\stdio.h(211) : see declaration of 'fopen'
     1>c:\users\user\downloads\compressed\simple opengl image library\src\stb_image_aug.c(3209): warning C4996: 'fopen': This function or variable may be unsafe. Consider using fopen_s instead. To disable deprecation, use _CRT_SECURE_NO_WARNINGS. See online help for details.
                 e:\program files 101\vs\vc\include\stdio.h(211) : see declaration of 'fopen'
     1>c:\users\user\downloads\compressed\simple opengl image library\src\stb_image_aug.c(3548): warning C4996: 'fopen': This function or variable may be unsafe. Consider using fopen_s instead. To disable deprecation, use _CRT_SECURE_NO_WARNINGS. See online help for details.
                 e:\program files 101\vs\vc\include\stdio.h(211) : see declaration of 'fopen'
     1>c:\users\user\downloads\compressed\simple opengl image library\src\stb_image_aug.c(3644): warning C4996: 'fopen': This function or variable may be unsafe. Consider using fopen_s instead. To disable deprecation, use _CRT_SECURE_NO_WARNINGS. See online help for details.
                 e:\program files 101\vs\vc\include\stdio.h(211) : see declaration of 'fopen'
     1>c:\users\user\downloads\compressed\simple opengl image library\src\stbi_dds_aug_c.h(362): warning C4018: '>' : signed/unsigned mismatch
     1>c:\users\user\downloads\compressed\simple opengl image library\src\stbi_dds_aug_c.h(366): warning C4018: '>' : signed/unsigned mismatch
     1>c:\users\user\downloads\compressed\simple opengl image library\src\stbi_dds_aug_c.h(390): warning C4018: '<' : signed/unsigned mismatch
     1>c:\users\user\downloads\compressed\simple opengl image library\src\stbi_dds_aug_c.h(427): warning C4018: '<' : signed/unsigned mismatch
     1>c:\users\user\downloads\compressed\simple opengl image library\src\stbi_dds_aug_c.h(498): warning C4996: 'fopen': This function or variable may be unsafe. Consider using fopen_s instead. To disable deprecation, use _CRT_SECURE_NO_WARNINGS. See online help for details.
                 e:\program files 101\vs\vc\include\stdio.h(211) : see declaration of 'fopen'
         SOIL.c
     1>c:\users\user\downloads\compressed\simple opengl image library\src\soil.c(1719): warning C4018: '<=' : signed/unsigned mismatch
     1>c:\users\user\downloads\compressed\simple opengl image library\src\soil.c(1729): warning C4018: '<' : signed/unsigned mismatch
     1>c:\users\user\downloads\compressed\simple opengl image library\src\soil.c(1841): warning C4996: 'fopen': This function or variable may be unsafe. Consider using fopen_s instead. To disable deprecation, use _CRT_SECURE_NO_WARNINGS. See online help for details.
                 e:\program files 101\vs\vc\include\stdio.h(211) : see declaration of 'fopen'
         image_helper.c
     1>c:\users\user\downloads\compressed\simple opengl image library\src\image_helper.c(325): warning C4244: 'initializing' : conversion from 'double' to 'float', possible loss of data
     1>c:\users\user\downloads\compressed\simple opengl image library\src\image_helper.c(366): warning C4244: '=' : conversion from 'double' to 'float', possible loss of data
     1>c:\users\user\downloads\compressed\simple opengl image library\src\image_helper.c(373): warning C4244: '=' : conversion from 'float' to 'int', possible loss of data
     1>c:\users\user\downloads\compressed\simple opengl image library\src\image_helper.c(415): warning C4244: '=' : conversion from 'double' to 'float', possible loss of data
     1>c:\users\user\downloads\compressed\simple opengl image library\src\image_helper.c(422): warning C4244: '=' : conversion from 'float' to 'int', possible loss of data
         image_DXT.c
     1>c:\users\user\downloads\compressed\simple opengl image library\src\image_dxt.c(92): warning C4996: 'fopen': This function or variable may be unsafe. Consider using fopen_s instead. To disable deprecation, use _CRT_SECURE_NO_WARNINGS. See online help for details.
                 e:\program files 101\vs\vc\include\stdio.h(211) : see declaration of 'fopen'
         Generating Code...
       Lib:
         E:\Program Files 101\VS\VC\bin\Lib.exe /OUT:"C:\Users\User\Downloads\Compressed\Simple OpenGL Image Library\projects\VC9\Debug\SOIL.lib" /NOLOGO Debug\image_DXT.obj
         Debug\image_helper.obj
         Debug\SOIL.obj
         Debug\stb_image_aug.obj
         SOIL.vcxproj -> C:\Users\User\Downloads\Compressed\Simple OpenGL Image Library\projects\VC9\Debug\SOIL.lib
     1>Done Building Project "C:\Users\User\Downloads\Compressed\Simple OpenGL Image Library\projects\VC9\SOIL.vcxproj" (Build target(s)).

Build succeeded.

Time Elapsed 00:00:02.96
